<?xml version="1.0" encoding="UTF-8"?>
<testsuite time="13.141" failures="0" tests="1" name="tests" >
  <testcase time="13.124" classname="tests" name="jpstore.ta" />
</testsuite>